[0m[[0m[0mdebug[0m] [0m[0m> Exec(run main, Some(4b4b1233-d850-4f34-9814-a5151cecbdf4), Some(CommandSource(console0)))[0m
[0m[[0m[0mdebug[0m] [0m[0mEvaluating tasks: Compile / run[0m
[0m[[0m[0mdebug[0m] [0m[0mRunning task... Cancel: Signal, check cycles: false, forcegc: true[0m
[0m[[0m[0minfo[0m] [0m[0mUpdating [0m
[0m[[0m[0minfo[0m] [0m[0mResolved  dependencies[0m
[0m[[0m[0minfo[0m] [0m[0mUpdating [0m
[0m[[0m[0minfo[0m] [0m[0mResolved  dependencies[0m
[0m[[0m[0minfo[0m] [0m[0mUpdating [0m
[0m[[0m[0minfo[0m] [0m[0mResolved  dependencies[0m
[0m[[0m[0minfo[0m] [0m[0mFetching artifacts of [0m
[0m[[0m[0minfo[0m] [0m[0mFetched artifacts of [0m
[0m[[0m[0minfo[0m] [0m[0mcompiling 1 Scala source to /bwrcq/home/chenxuanlin2001/ee251b-project-Marco/div/target/scala-2.13/classes ...[0m
[0m[[0m[0minfo[0m] [0m[0mNon-compiled module 'compiler-bridge_2.13' for Scala 2.13.8. Compiling...[0m
[0m[[0m[0minfo[0m] [0m[0m  Compilation completed in 9.454s.[0m
[0m[[0m[33mwarn[0m] [0m[0m/bwrcq/home/chenxuanlin2001/ee251b-project-Marco/div/src/main/scala/div.scala:142:69: procedure syntax is deprecated: instead, add `: Unit =` to explicitly declare `printFile`'s return type[0m
[0m[[0m[33mwarn[0m] [0m[0m    def printFile(f: java.io.File)(op: java.io.PrintWriter => Unit) {[0m
[0m[[0m[33mwarn[0m] [0m[0m                                                                    ^[0m
[0m[[0m[33mwarn[0m] [0m[0m/bwrcq/home/chenxuanlin2001/ee251b-project-Marco/div/src/main/scala/div.scala:110:20: Widening conversion from Int to Float is deprecated because it loses precision. Write `.toFloat` instead.[0m
[0m[[0m[33mwarn[0m] [0m[0m    val maxDepth = maxDepthDiv.ceil.toInt[0m
[0m[[0m[33mwarn[0m] [0m[0m                   ^[0m
[0m[[0m[33mwarn[0m] [0m[0mtwo warnings found[0m
[0m[[0m[32msuccess[0m] [0m[0mTotal time: 22 s, completed Apr 18, 2024 12:51:57 AM[0m
[0m[[0m[0mdebug[0m] [0m[0m> Exec(shell, None, None)[0m
[0m[[0m[0mdebug[0m] [0m[0mForcing garbage collection...[0m
